{"C:\\Users\\Tan Tran\\OneDrive\\Documents\\GitHub\\volunteer_project_backend\\src\\notifications.js": {"path":"C:\\Users\\Tan Tran\\OneDrive\\Documents\\GitHub\\volunteer_project_backend\\src\\notifications.js","statementMap":{"0":{"start":{"line":7,"column":15},"end":{"line":7,"column":31}},"1":{"start":{"line":9,"column":38},"end":{"line":31,"column":1}},"2":{"start":{"line":10,"column":2},"end":{"line":30,"column":3}},"3":{"start":{"line":11,"column":22},"end":{"line":11,"column":54}},"4":{"start":{"line":12,"column":18},"end":{"line":12,"column":47}},"5":{"start":{"line":14,"column":4},"end":{"line":16,"column":5}},"6":{"start":{"line":15,"column":6},"end":{"line":15,"column":54}},"7":{"start":{"line":19,"column":25},"end":{"line":24,"column":6}},"8":{"start":{"line":26,"column":4},"end":{"line":26,"column":30}},"9":{"start":{"line":27,"column":4},"end":{"line":27,"column":59}},"10":{"start":{"line":29,"column":4},"end":{"line":29,"column":64}}},"fnMap":{"0":{"name":"(anonymous_0)","decl":{"start":{"line":9,"column":38},"end":{"line":9,"column":39}},"loc":{"start":{"line":9,"column":70},"end":{"line":31,"column":1}},"line":9}},"branchMap":{"0":{"loc":{"start":{"line":14,"column":4},"end":{"line":16,"column":5}},"type":"if","locations":[{"start":{"line":14,"column":4},"end":{"line":16,"column":5}},{"start":{},"end":{}}],"line":14},"1":{"loc":{"start":{"line":14,"column":8},"end":{"line":14,"column":28}},"type":"binary-expr","locations":[{"start":{"line":14,"column":8},"end":{"line":14,"column":18}},{"start":{"line":14,"column":22},"end":{"line":14,"column":28}}],"line":14}},"s":{"0":2,"1":2,"2":4,"3":4,"4":4,"5":4,"6":2,"7":2,"8":2,"9":1,"10":3},"f":{"0":4},"b":{"0":[2,2],"1":[4,3]},"_coverageSchema":"1a1c01bbd47fc00a2c39e90264f33305004495a9","hash":"1e53ba299eff52d47d0178f0bfffbb8669b43c71"}
,"C:\\Users\\Tan Tran\\OneDrive\\Documents\\GitHub\\volunteer_project_backend\\src\\controllers\\eventController.js": {"path":"C:\\Users\\Tan Tran\\OneDrive\\Documents\\GitHub\\volunteer_project_backend\\src\\controllers\\eventController.js","statementMap":{"0":{"start":{"line":4,"column":25},"end":{"line":11,"column":1}},"1":{"start":{"line":5,"column":2},"end":{"line":10,"column":3}},"2":{"start":{"line":6,"column":19},"end":{"line":6,"column":37}},"3":{"start":{"line":7,"column":4},"end":{"line":7,"column":21}},"4":{"start":{"line":9,"column":4},"end":{"line":9,"column":65}},"5":{"start":{"line":14,"column":27},"end":{"line":31,"column":1}},"6":{"start":{"line":15,"column":88},"end":{"line":15,"column":96}},"7":{"start":{"line":17,"column":2},"end":{"line":30,"column":3}},"8":{"start":{"line":18,"column":21},"end":{"line":25,"column":6}},"9":{"start":{"line":26,"column":23},"end":{"line":26,"column":44}},"10":{"start":{"line":27,"column":4},"end":{"line":27,"column":37}},"11":{"start":{"line":29,"column":4},"end":{"line":29,"column":62}},"12":{"start":{"line":36,"column":27},"end":{"line":55,"column":3}},"13":{"start":{"line":37,"column":19},"end":{"line":37,"column":29}},"14":{"start":{"line":38,"column":90},"end":{"line":38,"column":98}},"15":{"start":{"line":40,"column":4},"end":{"line":54,"column":5}},"16":{"start":{"line":41,"column":27},"end":{"line":45,"column":7}},"17":{"start":{"line":47,"column":6},"end":{"line":49,"column":7}},"18":{"start":{"line":48,"column":8},"end":{"line":48,"column":68}},"19":{"start":{"line":51,"column":6},"end":{"line":51,"column":29}},"20":{"start":{"line":53,"column":6},"end":{"line":53,"column":71}},"21":{"start":{"line":58,"column":27},"end":{"line":67,"column":1}},"22":{"start":{"line":59,"column":17},"end":{"line":59,"column":27}},"23":{"start":{"line":61,"column":2},"end":{"line":66,"column":3}},"24":{"start":{"line":62,"column":4},"end":{"line":62,"column":38}},"25":{"start":{"line":63,"column":4},"end":{"line":63,"column":43}},"26":{"start":{"line":65,"column":4},"end":{"line":65,"column":62}}},"fnMap":{"0":{"name":"(anonymous_0)","decl":{"start":{"line":4,"column":25},"end":{"line":4,"column":26}},"loc":{"start":{"line":4,"column":45},"end":{"line":11,"column":1}},"line":4},"1":{"name":"(anonymous_1)","decl":{"start":{"line":14,"column":27},"end":{"line":14,"column":28}},"loc":{"start":{"line":14,"column":47},"end":{"line":31,"column":1}},"line":14},"2":{"name":"(anonymous_2)","decl":{"start":{"line":36,"column":27},"end":{"line":36,"column":28}},"loc":{"start":{"line":36,"column":47},"end":{"line":55,"column":3}},"line":36},"3":{"name":"(anonymous_3)","decl":{"start":{"line":58,"column":27},"end":{"line":58,"column":28}},"loc":{"start":{"line":58,"column":47},"end":{"line":67,"column":1}},"line":58}},"branchMap":{"0":{"loc":{"start":{"line":47,"column":6},"end":{"line":49,"column":7}},"type":"if","locations":[{"start":{"line":47,"column":6},"end":{"line":49,"column":7}},{"start":{},"end":{}}],"line":47}},"s":{"0":1,"1":2,"2":2,"3":1,"4":1,"5":1,"6":2,"7":2,"8":2,"9":2,"10":1,"11":1,"12":1,"13":3,"14":3,"15":3,"16":3,"17":2,"18":1,"19":1,"20":1,"21":1,"22":2,"23":2,"24":2,"25":1,"26":1},"f":{"0":2,"1":2,"2":3,"3":2},"b":{"0":[1,1]},"_coverageSchema":"1a1c01bbd47fc00a2c39e90264f33305004495a9","hash":"a2c8045f45ee41a288531d379447bcf1f7fb8642"}
,"C:\\Users\\Tan Tran\\OneDrive\\Documents\\GitHub\\volunteer_project_backend\\src\\models\\Event.js": {"path":"C:\\Users\\Tan Tran\\OneDrive\\Documents\\GitHub\\volunteer_project_backend\\src\\models\\Event.js","statementMap":{"0":{"start":{"line":3,"column":20},"end":{"line":28,"column":2}},"1":{"start":{"line":30,"column":14},"end":{"line":30,"column":50}}},"fnMap":{},"branchMap":{},"s":{"0":5,"1":5},"f":{},"b":{},"_coverageSchema":"1a1c01bbd47fc00a2c39e90264f33305004495a9","hash":"7b90f37de2631f32d812bd4ab78e5ea2320bcc55"}
,"C:\\Users\\Tan Tran\\OneDrive\\Documents\\GitHub\\volunteer_project_backend\\src\\models\\NotificationModel.js": {"path":"C:\\Users\\Tan Tran\\OneDrive\\Documents\\GitHub\\volunteer_project_backend\\src\\models\\NotificationModel.js","statementMap":{"0":{"start":{"line":4,"column":27},"end":{"line":11,"column":2}},"1":{"start":{"line":13,"column":21},"end":{"line":13,"column":71}}},"fnMap":{},"branchMap":{},"s":{"0":1,"1":1},"f":{},"b":{},"_coverageSchema":"1a1c01bbd47fc00a2c39e90264f33305004495a9","hash":"710fe8311fa5d8fa69e35917f9624c974cbcf97d"}
,"C:\\Users\\Tan Tran\\OneDrive\\Documents\\GitHub\\volunteer_project_backend\\src\\models\\User.js": {"path":"C:\\Users\\Tan Tran\\OneDrive\\Documents\\GitHub\\volunteer_project_backend\\src\\models\\User.js","statementMap":{"0":{"start":{"line":4,"column":19},"end":{"line":36,"column":24}},"1":{"start":{"line":48,"column":13},"end":{"line":48,"column":47}}},"fnMap":{},"branchMap":{},"s":{"0":4,"1":4},"f":{},"b":{},"_coverageSchema":"1a1c01bbd47fc00a2c39e90264f33305004495a9","hash":"f3f11b9fa88d16450895a023be51649cd6a4c31e"}
,"C:\\Users\\Tan Tran\\OneDrive\\Documents\\GitHub\\volunteer_project_backend\\src\\models\\VolunteerHistory.js": {"path":"C:\\Users\\Tan Tran\\OneDrive\\Documents\\GitHub\\volunteer_project_backend\\src\\models\\VolunteerHistory.js","statementMap":{"0":{"start":{"line":3,"column":31},"end":{"line":42,"column":2}},"1":{"start":{"line":44,"column":25},"end":{"line":44,"column":83}}},"fnMap":{},"branchMap":{},"s":{"0":3,"1":3},"f":{},"b":{},"_coverageSchema":"1a1c01bbd47fc00a2c39e90264f33305004495a9","hash":"849500d441393d6d541a958067c36d370ff3e6b8"}
,"C:\\Users\\Tan Tran\\OneDrive\\Documents\\GitHub\\volunteer_project_backend\\src\\routes\\login.js": {"path":"C:\\Users\\Tan Tran\\OneDrive\\Documents\\GitHub\\volunteer_project_backend\\src\\routes\\login.js","statementMap":{"0":{"start":{"line":6,"column":15},"end":{"line":6,"column":31}},"1":{"start":{"line":9,"column":0},"end":{"line":51,"column":3}},"2":{"start":{"line":10,"column":2},"end":{"line":10,"column":51}},"3":{"start":{"line":12,"column":30},"end":{"line":12,"column":38}},"4":{"start":{"line":14,"column":2},"end":{"line":50,"column":3}},"5":{"start":{"line":16,"column":17},"end":{"line":16,"column":46}},"6":{"start":{"line":17,"column":4},"end":{"line":20,"column":5}},"7":{"start":{"line":18,"column":6},"end":{"line":18,"column":56}},"8":{"start":{"line":19,"column":6},"end":{"line":19,"column":66}},"9":{"start":{"line":22,"column":4},"end":{"line":22,"column":37}},"10":{"start":{"line":26,"column":4},"end":{"line":29,"column":5}},"11":{"start":{"line":27,"column":6},"end":{"line":27,"column":65}},"12":{"start":{"line":28,"column":6},"end":{"line":28,"column":65}},"13":{"start":{"line":31,"column":4},"end":{"line":31,"column":45}},"14":{"start":{"line":32,"column":4},"end":{"line":32,"column":23}},"15":{"start":{"line":35,"column":4},"end":{"line":45,"column":7}},"16":{"start":{"line":48,"column":4},"end":{"line":48,"column":55}},"17":{"start":{"line":49,"column":4},"end":{"line":49,"column":54}},"18":{"start":{"line":49,"column":54},"end":{"line":49,"column":55}}},"fnMap":{"0":{"name":"(anonymous_0)","decl":{"start":{"line":9,"column":17},"end":{"line":9,"column":18}},"loc":{"start":{"line":9,"column":37},"end":{"line":51,"column":1}},"line":9}},"branchMap":{"0":{"loc":{"start":{"line":17,"column":4},"end":{"line":20,"column":5}},"type":"if","locations":[{"start":{"line":17,"column":4},"end":{"line":20,"column":5}},{"start":{},"end":{}}],"line":17},"1":{"loc":{"start":{"line":26,"column":4},"end":{"line":29,"column":5}},"type":"if","locations":[{"start":{"line":26,"column":4},"end":{"line":29,"column":5}},{"start":{},"end":{}}],"line":26}},"s":{"0":1,"1":1,"2":4,"3":4,"4":4,"5":4,"6":3,"7":1,"8":1,"9":2,"10":2,"11":1,"12":1,"13":1,"14":1,"15":1,"16":1,"17":1,"18":1},"f":{"0":4},"b":{"0":[1,2],"1":[1,1]},"_coverageSchema":"1a1c01bbd47fc00a2c39e90264f33305004495a9","hash":"e31bbbb9b0fca1752098cd718b2b598c9864f423"}
,"C:\\Users\\Tan Tran\\OneDrive\\Documents\\GitHub\\volunteer_project_backend\\src\\routes\\reportsRoute.js": {"path":"C:\\Users\\Tan Tran\\OneDrive\\Documents\\GitHub\\volunteer_project_backend\\src\\routes\\reportsRoute.js","statementMap":{"0":{"start":{"line":6,"column":15},"end":{"line":6,"column":31}},"1":{"start":{"line":8,"column":32},"end":{"line":39,"column":1}},"2":{"start":{"line":9,"column":2},"end":{"line":38,"column":3}},"3":{"start":{"line":10,"column":4},"end":{"line":13,"column":14}},"4":{"start":{"line":14,"column":9},"end":{"line":38,"column":3}},"5":{"start":{"line":15,"column":19},"end":{"line":15,"column":44}},"6":{"start":{"line":16,"column":4},"end":{"line":35,"column":6}},"7":{"start":{"line":18,"column":35},"end":{"line":20,"column":17}},"8":{"start":{"line":21,"column":8},"end":{"line":33,"column":10}},"9":{"start":{"line":30,"column":56},"end":{"line":32,"column":11}},"10":{"start":{"line":37,"column":4},"end":{"line":37,"column":44}},"11":{"start":{"line":41,"column":0},"end":{"line":76,"column":3}},"12":{"start":{"line":42,"column":25},"end":{"line":42,"column":35}},"13":{"start":{"line":43,"column":21},"end":{"line":43,"column":30}},"14":{"start":{"line":46,"column":2},"end":{"line":48,"column":3}},"15":{"start":{"line":47,"column":4},"end":{"line":47,"column":117}},"16":{"start":{"line":50,"column":2},"end":{"line":52,"column":3}},"17":{"start":{"line":51,"column":4},"end":{"line":51,"column":84}},"18":{"start":{"line":54,"column":2},"end":{"line":75,"column":3}},"19":{"start":{"line":55,"column":17},"end":{"line":55,"column":51}},"20":{"start":{"line":57,"column":4},"end":{"line":59,"column":5}},"21":{"start":{"line":58,"column":6},"end":{"line":58,"column":79}},"22":{"start":{"line":61,"column":4},"end":{"line":71,"column":5}},"23":{"start":{"line":62,"column":24},"end":{"line":62,"column":59}},"24":{"start":{"line":63,"column":6},"end":{"line":63,"column":55}},"25":{"start":{"line":64,"column":6},"end":{"line":64,"column":92}},"26":{"start":{"line":65,"column":6},"end":{"line":65,"column":33}},"27":{"start":{"line":66,"column":11},"end":{"line":71,"column":5}},"28":{"start":{"line":67,"column":24},"end":{"line":67,"column":59}},"29":{"start":{"line":68,"column":6},"end":{"line":68,"column":48}},"30":{"start":{"line":69,"column":6},"end":{"line":69,"column":92}},"31":{"start":{"line":70,"column":6},"end":{"line":70,"column":33}},"32":{"start":{"line":73,"column":4},"end":{"line":73,"column":53}},"33":{"start":{"line":74,"column":4},"end":{"line":74,"column":66}}},"fnMap":{"0":{"name":"(anonymous_0)","decl":{"start":{"line":8,"column":32},"end":{"line":8,"column":33}},"loc":{"start":{"line":8,"column":54},"end":{"line":39,"column":1}},"line":8},"1":{"name":"(anonymous_1)","decl":{"start":{"line":17,"column":17},"end":{"line":17,"column":18}},"loc":{"start":{"line":17,"column":34},"end":{"line":34,"column":7}},"line":17},"2":{"name":"(anonymous_2)","decl":{"start":{"line":30,"column":47},"end":{"line":30,"column":48}},"loc":{"start":{"line":30,"column":56},"end":{"line":32,"column":11}},"line":30},"3":{"name":"(anonymous_3)","decl":{"start":{"line":41,"column":27},"end":{"line":41,"column":28}},"loc":{"start":{"line":41,"column":47},"end":{"line":76,"column":1}},"line":41}},"branchMap":{"0":{"loc":{"start":{"line":9,"column":2},"end":{"line":38,"column":3}},"type":"if","locations":[{"start":{"line":9,"column":2},"end":{"line":38,"column":3}},{"start":{"line":14,"column":9},"end":{"line":38,"column":3}}],"line":9},"1":{"loc":{"start":{"line":14,"column":9},"end":{"line":38,"column":3}},"type":"if","locations":[{"start":{"line":14,"column":9},"end":{"line":38,"column":3}},{"start":{"line":36,"column":9},"end":{"line":38,"column":3}}],"line":14},"2":{"loc":{"start":{"line":31,"column":30},"end":{"line":31,"column":68}},"type":"binary-expr","locations":[{"start":{"line":31,"column":30},"end":{"line":31,"column":55}},{"start":{"line":31,"column":59},"end":{"line":31,"column":68}}],"line":31},"3":{"loc":{"start":{"line":31,"column":72},"end":{"line":31,"column":102}},"type":"binary-expr","locations":[{"start":{"line":31,"column":72},"end":{"line":31,"column":96}},{"start":{"line":31,"column":100},"end":{"line":31,"column":102}}],"line":31},"4":{"loc":{"start":{"line":46,"column":2},"end":{"line":48,"column":3}},"type":"if","locations":[{"start":{"line":46,"column":2},"end":{"line":48,"column":3}},{"start":{},"end":{}}],"line":46},"5":{"loc":{"start":{"line":50,"column":2},"end":{"line":52,"column":3}},"type":"if","locations":[{"start":{"line":50,"column":2},"end":{"line":52,"column":3}},{"start":{},"end":{}}],"line":50},"6":{"loc":{"start":{"line":57,"column":4},"end":{"line":59,"column":5}},"type":"if","locations":[{"start":{"line":57,"column":4},"end":{"line":59,"column":5}},{"start":{},"end":{}}],"line":57},"7":{"loc":{"start":{"line":57,"column":8},"end":{"line":57,"column":34}},"type":"binary-expr","locations":[{"start":{"line":57,"column":8},"end":{"line":57,"column":13}},{"start":{"line":57,"column":17},"end":{"line":57,"column":34}}],"line":57},"8":{"loc":{"start":{"line":61,"column":4},"end":{"line":71,"column":5}},"type":"if","locations":[{"start":{"line":61,"column":4},"end":{"line":71,"column":5}},{"start":{"line":66,"column":11},"end":{"line":71,"column":5}}],"line":61},"9":{"loc":{"start":{"line":66,"column":11},"end":{"line":71,"column":5}},"type":"if","locations":[{"start":{"line":66,"column":11},"end":{"line":71,"column":5}},{"start":{},"end":{}}],"line":66}},"s":{"0":1,"1":1,"2":10,"3":6,"4":4,"5":3,"6":0,"7":0,"8":0,"9":0,"10":1,"11":1,"12":7,"13":7,"14":7,"15":1,"16":6,"17":1,"18":5,"19":5,"20":3,"21":1,"22":2,"23":1,"24":1,"25":1,"26":1,"27":1,"28":1,"29":1,"30":1,"31":1,"32":2,"33":2},"f":{"0":10,"1":0,"2":0,"3":7},"b":{"0":[6,4],"1":[3,1],"2":[0,0],"3":[0,0],"4":[1,6],"5":[1,5],"6":[1,2],"7":[3,3],"8":[1,1],"9":[1,0]},"_coverageSchema":"1a1c01bbd47fc00a2c39e90264f33305004495a9","hash":"83321511a70977a79458a1559e6d288f83505d57"}
,"C:\\Users\\Tan Tran\\OneDrive\\Documents\\GitHub\\volunteer_project_backend\\src\\routes\\volunteerHistory.js": {"path":"C:\\Users\\Tan Tran\\OneDrive\\Documents\\GitHub\\volunteer_project_backend\\src\\routes\\volunteerHistory.js","statementMap":{"0":{"start":{"line":4,"column":15},"end":{"line":4,"column":31}},"1":{"start":{"line":7,"column":0},"end":{"line":15,"column":3}},"2":{"start":{"line":8,"column":2},"end":{"line":14,"column":3}},"3":{"start":{"line":9,"column":20},"end":{"line":9,"column":49}},"4":{"start":{"line":10,"column":4},"end":{"line":10,"column":34}},"5":{"start":{"line":12,"column":4},"end":{"line":12,"column":62}},"6":{"start":{"line":13,"column":4},"end":{"line":13,"column":54}}},"fnMap":{"0":{"name":"(anonymous_0)","decl":{"start":{"line":7,"column":16},"end":{"line":7,"column":17}},"loc":{"start":{"line":7,"column":36},"end":{"line":15,"column":1}},"line":7}},"branchMap":{},"s":{"0":1,"1":1,"2":2,"3":2,"4":1,"5":1,"6":1},"f":{"0":2},"b":{},"_coverageSchema":"1a1c01bbd47fc00a2c39e90264f33305004495a9","hash":"0c1eaaf40dbf7d002f1a0d843c77ad7f204f8a1a"}
,"C:\\Users\\Tan Tran\\OneDrive\\Documents\\GitHub\\volunteer_project_backend\\src\\routes\\volunteerMatch.js": {"path":"C:\\Users\\Tan Tran\\OneDrive\\Documents\\GitHub\\volunteer_project_backend\\src\\routes\\volunteerMatch.js","statementMap":{"0":{"start":{"line":7,"column":15},"end":{"line":7,"column":31}},"1":{"start":{"line":10,"column":24},"end":{"line":10,"column":99}},"2":{"start":{"line":10,"column":32},"end":{"line":10,"column":99}},"3":{"start":{"line":13,"column":0},"end":{"line":88,"column":3}},"4":{"start":{"line":14,"column":22},"end":{"line":14,"column":32}},"5":{"start":{"line":17,"column":2},"end":{"line":19,"column":3}},"6":{"start":{"line":18,"column":4},"end":{"line":18,"column":65}},"7":{"start":{"line":21,"column":2},"end":{"line":87,"column":3}},"8":{"start":{"line":23,"column":18},"end":{"line":23,"column":47}},"9":{"start":{"line":25,"column":4},"end":{"line":27,"column":5}},"10":{"start":{"line":26,"column":6},"end":{"line":26,"column":66}},"11":{"start":{"line":30,"column":42},"end":{"line":30,"column":47}},"12":{"start":{"line":33,"column":26},"end":{"line":53,"column":2}},"13":{"start":{"line":38,"column":40},"end":{"line":42,"column":9}},"14":{"start":{"line":57,"column":29},"end":{"line":81,"column":6}},"15":{"start":{"line":58,"column":23},"end":{"line":62,"column":7}},"16":{"start":{"line":65,"column":26},"end":{"line":67,"column":18}},"17":{"start":{"line":66,"column":22},"end":{"line":66,"column":69}},"18":{"start":{"line":68,"column":26},"end":{"line":70,"column":18}},"19":{"start":{"line":69,"column":22},"end":{"line":69,"column":69}},"20":{"start":{"line":73,"column":27},"end":{"line":73,"column":81}},"21":{"start":{"line":73,"column":50},"end":{"line":73,"column":80}},"22":{"start":{"line":74,"column":27},"end":{"line":74,"column":81}},"23":{"start":{"line":74,"column":50},"end":{"line":74,"column":80}},"24":{"start":{"line":77,"column":6},"end":{"line":79,"column":7}},"25":{"start":{"line":78,"column":8},"end":{"line":78,"column":43}},"26":{"start":{"line":80,"column":6},"end":{"line":80,"column":39}},"27":{"start":{"line":83,"column":4},"end":{"line":83,"column":43}},"28":{"start":{"line":85,"column":4},"end":{"line":85,"column":63}},"29":{"start":{"line":86,"column":4},"end":{"line":86,"column":54}},"30":{"start":{"line":91,"column":0},"end":{"line":156,"column":3}},"31":{"start":{"line":92,"column":36},"end":{"line":92,"column":44}},"32":{"start":{"line":95,"column":2},"end":{"line":97,"column":3}},"33":{"start":{"line":96,"column":4},"end":{"line":96,"column":65}},"34":{"start":{"line":99,"column":2},"end":{"line":155,"column":3}},"35":{"start":{"line":101,"column":18},"end":{"line":101,"column":47}},"36":{"start":{"line":103,"column":4},"end":{"line":105,"column":5}},"37":{"start":{"line":104,"column":6},"end":{"line":104,"column":66}},"38":{"start":{"line":108,"column":23},"end":{"line":108,"column":70}},"39":{"start":{"line":111,"column":29},"end":{"line":127,"column":6}},"40":{"start":{"line":112,"column":23},"end":{"line":116,"column":7}},"41":{"start":{"line":118,"column":26},"end":{"line":120,"column":18}},"42":{"start":{"line":119,"column":22},"end":{"line":119,"column":69}},"43":{"start":{"line":121,"column":26},"end":{"line":123,"column":18}},"44":{"start":{"line":122,"column":22},"end":{"line":122,"column":69}},"45":{"start":{"line":126,"column":6},"end":{"line":126,"column":39}},"46":{"start":{"line":130,"column":25},"end":{"line":146,"column":5}},"47":{"start":{"line":132,"column":25},"end":{"line":142,"column":10}},"48":{"start":{"line":144,"column":8},"end":{"line":144,"column":31}},"49":{"start":{"line":148,"column":4},"end":{"line":151,"column":7}},"50":{"start":{"line":153,"column":4},"end":{"line":153,"column":66}},"51":{"start":{"line":154,"column":4},"end":{"line":154,"column":54}}},"fnMap":{"0":{"name":"(anonymous_0)","decl":{"start":{"line":10,"column":24},"end":{"line":10,"column":25}},"loc":{"start":{"line":10,"column":32},"end":{"line":10,"column":99}},"line":10},"1":{"name":"(anonymous_1)","decl":{"start":{"line":13,"column":37},"end":{"line":13,"column":38}},"loc":{"start":{"line":13,"column":57},"end":{"line":88,"column":1}},"line":13},"2":{"name":"(anonymous_2)","decl":{"start":{"line":38,"column":30},"end":{"line":38,"column":31}},"loc":{"start":{"line":38,"column":40},"end":{"line":42,"column":9}},"line":38},"3":{"name":"(anonymous_3)","decl":{"start":{"line":57,"column":52},"end":{"line":57,"column":53}},"loc":{"start":{"line":57,"column":62},"end":{"line":81,"column":5}},"line":57},"4":{"name":"(anonymous_4)","decl":{"start":{"line":66,"column":13},"end":{"line":66,"column":14}},"loc":{"start":{"line":66,"column":22},"end":{"line":66,"column":69}},"line":66},"5":{"name":"(anonymous_5)","decl":{"start":{"line":69,"column":13},"end":{"line":69,"column":14}},"loc":{"start":{"line":69,"column":22},"end":{"line":69,"column":69}},"line":69},"6":{"name":"(anonymous_6)","decl":{"start":{"line":73,"column":41},"end":{"line":73,"column":42}},"loc":{"start":{"line":73,"column":50},"end":{"line":73,"column":80}},"line":73},"7":{"name":"(anonymous_7)","decl":{"start":{"line":74,"column":41},"end":{"line":74,"column":42}},"loc":{"start":{"line":74,"column":50},"end":{"line":74,"column":80}},"line":74},"8":{"name":"(anonymous_8)","decl":{"start":{"line":91,"column":26},"end":{"line":91,"column":27}},"loc":{"start":{"line":91,"column":46},"end":{"line":156,"column":1}},"line":91},"9":{"name":"(anonymous_9)","decl":{"start":{"line":111,"column":45},"end":{"line":111,"column":46}},"loc":{"start":{"line":111,"column":55},"end":{"line":127,"column":5}},"line":111},"10":{"name":"(anonymous_10)","decl":{"start":{"line":119,"column":13},"end":{"line":119,"column":14}},"loc":{"start":{"line":119,"column":22},"end":{"line":119,"column":69}},"line":119},"11":{"name":"(anonymous_11)","decl":{"start":{"line":122,"column":13},"end":{"line":122,"column":14}},"loc":{"start":{"line":122,"column":22},"end":{"line":122,"column":69}},"line":122},"12":{"name":"(anonymous_12)","decl":{"start":{"line":131,"column":27},"end":{"line":131,"column":28}},"loc":{"start":{"line":131,"column":48},"end":{"line":145,"column":7}},"line":131}},"branchMap":{"0":{"loc":{"start":{"line":10,"column":32},"end":{"line":10,"column":99}},"type":"binary-expr","locations":[{"start":{"line":10,"column":32},"end":{"line":10,"column":60}},{"start":{"line":10,"column":64},"end":{"line":10,"column":99}}],"line":10},"1":{"loc":{"start":{"line":17,"column":2},"end":{"line":19,"column":3}},"type":"if","locations":[{"start":{"line":17,"column":2},"end":{"line":19,"column":3}},{"start":{},"end":{}}],"line":17},"2":{"loc":{"start":{"line":25,"column":4},"end":{"line":27,"column":5}},"type":"if","locations":[{"start":{"line":25,"column":4},"end":{"line":27,"column":5}},{"start":{},"end":{}}],"line":25},"3":{"loc":{"start":{"line":66,"column":22},"end":{"line":66,"column":69}},"type":"binary-expr","locations":[{"start":{"line":66,"column":22},"end":{"line":66,"column":64}},{"start":{"line":66,"column":68},"end":{"line":66,"column":69}}],"line":66},"4":{"loc":{"start":{"line":69,"column":22},"end":{"line":69,"column":69}},"type":"binary-expr","locations":[{"start":{"line":69,"column":22},"end":{"line":69,"column":64}},{"start":{"line":69,"column":68},"end":{"line":69,"column":69}}],"line":69},"5":{"loc":{"start":{"line":77,"column":6},"end":{"line":79,"column":7}},"type":"if","locations":[{"start":{"line":77,"column":6},"end":{"line":79,"column":7}},{"start":{},"end":{}}],"line":77},"6":{"loc":{"start":{"line":95,"column":2},"end":{"line":97,"column":3}},"type":"if","locations":[{"start":{"line":95,"column":2},"end":{"line":97,"column":3}},{"start":{},"end":{}}],"line":95},"7":{"loc":{"start":{"line":103,"column":4},"end":{"line":105,"column":5}},"type":"if","locations":[{"start":{"line":103,"column":4},"end":{"line":105,"column":5}},{"start":{},"end":{}}],"line":103},"8":{"loc":{"start":{"line":119,"column":22},"end":{"line":119,"column":69}},"type":"binary-expr","locations":[{"start":{"line":119,"column":22},"end":{"line":119,"column":64}},{"start":{"line":119,"column":68},"end":{"line":119,"column":69}}],"line":119},"9":{"loc":{"start":{"line":122,"column":22},"end":{"line":122,"column":69}},"type":"binary-expr","locations":[{"start":{"line":122,"column":22},"end":{"line":122,"column":64}},{"start":{"line":122,"column":68},"end":{"line":122,"column":69}}],"line":122}},"s":{"0":1,"1":1,"2":9,"3":1,"4":5,"5":5,"6":1,"7":4,"8":4,"9":3,"10":1,"11":2,"12":2,"13":3,"14":2,"15":1,"16":1,"17":2,"18":1,"19":2,"20":1,"21":1,"22":1,"23":1,"24":1,"25":0,"26":1,"27":2,"28":1,"29":1,"30":1,"31":4,"32":4,"33":1,"34":3,"35":3,"36":3,"37":1,"38":2,"39":2,"40":1,"41":1,"42":1,"43":1,"44":1,"45":1,"46":2,"47":3,"48":3,"49":1,"50":1,"51":1},"f":{"0":9,"1":5,"2":3,"3":1,"4":2,"5":2,"6":1,"7":1,"8":4,"9":1,"10":1,"11":1,"12":3},"b":{"0":[9,7],"1":[1,4],"2":[1,2],"3":[2,1],"4":[2,1],"5":[0,1],"6":[1,3],"7":[1,2],"8":[1,0],"9":[1,0]},"_coverageSchema":"1a1c01bbd47fc00a2c39e90264f33305004495a9","hash":"aa9830f74356783e9af355bb0d6313a653ab6190"}
,"C:\\Users\\Tan Tran\\OneDrive\\Documents\\GitHub\\volunteer_project_backend\\src\\utils\\reportGenerator.js": {"path":"C:\\Users\\Tan Tran\\OneDrive\\Documents\\GitHub\\volunteer_project_backend\\src\\utils\\reportGenerator.js","statementMap":{"0":{"start":{"line":5,"column":27},"end":{"line":48,"column":1}},"1":{"start":{"line":6,"column":2},"end":{"line":47,"column":5}},"2":{"start":{"line":7,"column":16},"end":{"line":7,"column":33}},"3":{"start":{"line":8,"column":19},"end":{"line":8,"column":36}},"4":{"start":{"line":10,"column":17},"end":{"line":10,"column":19}},"5":{"start":{"line":11,"column":4},"end":{"line":11,"column":53}},"6":{"start":{"line":11,"column":33},"end":{"line":11,"column":51}},"7":{"start":{"line":12,"column":4},"end":{"line":12,"column":59}},"8":{"start":{"line":12,"column":27},"end":{"line":12,"column":57}},"9":{"start":{"line":14,"column":4},"end":{"line":14,"column":21}},"10":{"start":{"line":16,"column":4},"end":{"line":16,"column":133}},"11":{"start":{"line":17,"column":4},"end":{"line":17,"column":19}},"12":{"start":{"line":19,"column":4},"end":{"line":43,"column":5}},"13":{"start":{"line":20,"column":6},"end":{"line":28,"column":9}},"14":{"start":{"line":21,"column":41},"end":{"line":21,"column":46}},"15":{"start":{"line":22,"column":8},"end":{"line":22,"column":80}},"16":{"start":{"line":23,"column":8},"end":{"line":23,"column":106}},"17":{"start":{"line":24,"column":8},"end":{"line":24,"column":122}},"18":{"start":{"line":25,"column":8},"end":{"line":25,"column":64}},"19":{"start":{"line":26,"column":8},"end":{"line":26,"column":58}},"20":{"start":{"line":27,"column":8},"end":{"line":27,"column":23}},"21":{"start":{"line":29,"column":11},"end":{"line":43,"column":5}},"22":{"start":{"line":30,"column":6},"end":{"line":42,"column":9}},"23":{"start":{"line":31,"column":47},"end":{"line":31,"column":52}},"24":{"start":{"line":32,"column":8},"end":{"line":32,"column":71}},"25":{"start":{"line":33,"column":8},"end":{"line":33,"column":66}},"26":{"start":{"line":34,"column":8},"end":{"line":34,"column":125}},"27":{"start":{"line":35,"column":8},"end":{"line":35,"column":55}},"28":{"start":{"line":36,"column":8},"end":{"line":36,"column":53}},"29":{"start":{"line":37,"column":8},"end":{"line":37,"column":34}},"30":{"start":{"line":38,"column":8},"end":{"line":40,"column":11}},"31":{"start":{"line":39,"column":10},"end":{"line":39,"column":53}},"32":{"start":{"line":41,"column":8},"end":{"line":41,"column":23}},"33":{"start":{"line":45,"column":4},"end":{"line":45,"column":14}},"34":{"start":{"line":46,"column":4},"end":{"line":46,"column":45}},"35":{"start":{"line":46,"column":32},"end":{"line":46,"column":43}},"36":{"start":{"line":50,"column":27},"end":{"line":83,"column":1}},"37":{"start":{"line":51,"column":2},"end":{"line":82,"column":5}},"38":{"start":{"line":52,"column":4},"end":{"line":81,"column":5}},"39":{"start":{"line":54,"column":8},"end":{"line":56,"column":88}},"40":{"start":{"line":59,"column":8},"end":{"line":74,"column":15}},"41":{"start":{"line":60,"column":33},"end":{"line":66,"column":13}},"42":{"start":{"line":67,"column":33},"end":{"line":74,"column":13}},"43":{"start":{"line":73,"column":60},"end":{"line":73,"column":75}},"44":{"start":{"line":76,"column":21},"end":{"line":76,"column":43}},"45":{"start":{"line":77,"column":18},"end":{"line":77,"column":39}},"46":{"start":{"line":78,"column":6},"end":{"line":78,"column":32}},"47":{"start":{"line":80,"column":6},"end":{"line":80,"column":18}}},"fnMap":{"0":{"name":"(anonymous_0)","decl":{"start":{"line":5,"column":27},"end":{"line":5,"column":28}},"loc":{"start":{"line":5,"column":49},"end":{"line":48,"column":1}},"line":5},"1":{"name":"(anonymous_1)","decl":{"start":{"line":6,"column":21},"end":{"line":6,"column":22}},"loc":{"start":{"line":6,"column":42},"end":{"line":47,"column":3}},"line":6},"2":{"name":"(anonymous_2)","decl":{"start":{"line":11,"column":22},"end":{"line":11,"column":23}},"loc":{"start":{"line":11,"column":33},"end":{"line":11,"column":51}},"line":11},"3":{"name":"(anonymous_3)","decl":{"start":{"line":12,"column":21},"end":{"line":12,"column":22}},"loc":{"start":{"line":12,"column":27},"end":{"line":12,"column":57}},"line":12},"4":{"name":"(anonymous_4)","decl":{"start":{"line":20,"column":19},"end":{"line":20,"column":20}},"loc":{"start":{"line":20,"column":30},"end":{"line":28,"column":7}},"line":20},"5":{"name":"(anonymous_5)","decl":{"start":{"line":30,"column":19},"end":{"line":30,"column":20}},"loc":{"start":{"line":30,"column":30},"end":{"line":42,"column":7}},"line":30},"6":{"name":"(anonymous_6)","decl":{"start":{"line":38,"column":29},"end":{"line":38,"column":30}},"loc":{"start":{"line":38,"column":46},"end":{"line":40,"column":9}},"line":38},"7":{"name":"(anonymous_7)","decl":{"start":{"line":46,"column":23},"end":{"line":46,"column":24}},"loc":{"start":{"line":46,"column":32},"end":{"line":46,"column":43}},"line":46},"8":{"name":"(anonymous_8)","decl":{"start":{"line":50,"column":27},"end":{"line":50,"column":28}},"loc":{"start":{"line":50,"column":49},"end":{"line":83,"column":1}},"line":50},"9":{"name":"(anonymous_9)","decl":{"start":{"line":51,"column":21},"end":{"line":51,"column":22}},"loc":{"start":{"line":51,"column":42},"end":{"line":82,"column":3}},"line":51},"10":{"name":"(anonymous_10)","decl":{"start":{"line":60,"column":21},"end":{"line":60,"column":22}},"loc":{"start":{"line":60,"column":33},"end":{"line":66,"column":13}},"line":60},"11":{"name":"(anonymous_11)","decl":{"start":{"line":67,"column":21},"end":{"line":67,"column":22}},"loc":{"start":{"line":67,"column":33},"end":{"line":74,"column":13}},"line":67},"12":{"name":"(anonymous_12)","decl":{"start":{"line":73,"column":53},"end":{"line":73,"column":54}},"loc":{"start":{"line":73,"column":60},"end":{"line":73,"column":75}},"line":73}},"branchMap":{"0":{"loc":{"start":{"line":16,"column":29},"end":{"line":16,"column":108}},"type":"cond-expr","locations":[{"start":{"line":16,"column":65},"end":{"line":16,"column":91}},{"start":{"line":16,"column":94},"end":{"line":16,"column":108}}],"line":16},"1":{"loc":{"start":{"line":19,"column":4},"end":{"line":43,"column":5}},"type":"if","locations":[{"start":{"line":19,"column":4},"end":{"line":43,"column":5}},{"start":{"line":29,"column":11},"end":{"line":43,"column":5}}],"line":19},"2":{"loc":{"start":{"line":22,"column":45},"end":{"line":22,"column":76}},"type":"binary-expr","locations":[{"start":{"line":22,"column":45},"end":{"line":22,"column":63}},{"start":{"line":22,"column":67},"end":{"line":22,"column":76}}],"line":22},"3":{"loc":{"start":{"line":23,"column":36},"end":{"line":23,"column":71}},"type":"binary-expr","locations":[{"start":{"line":23,"column":36},"end":{"line":23,"column":58}},{"start":{"line":23,"column":62},"end":{"line":23,"column":71}}],"line":23},"4":{"loc":{"start":{"line":23,"column":75},"end":{"line":23,"column":102}},"type":"binary-expr","locations":[{"start":{"line":23,"column":75},"end":{"line":23,"column":96}},{"start":{"line":23,"column":100},"end":{"line":23,"column":102}}],"line":23},"5":{"loc":{"start":{"line":24,"column":32},"end":{"line":24,"column":118}},"type":"cond-expr","locations":[{"start":{"line":24,"column":53},"end":{"line":24,"column":101}},{"start":{"line":24,"column":104},"end":{"line":24,"column":118}}],"line":24},"6":{"loc":{"start":{"line":25,"column":30},"end":{"line":25,"column":60}},"type":"binary-expr","locations":[{"start":{"line":25,"column":30},"end":{"line":25,"column":47}},{"start":{"line":25,"column":51},"end":{"line":25,"column":60}}],"line":25},"7":{"loc":{"start":{"line":26,"column":29},"end":{"line":26,"column":54}},"type":"binary-expr","locations":[{"start":{"line":26,"column":29},"end":{"line":26,"column":45}},{"start":{"line":26,"column":49},"end":{"line":26,"column":54}}],"line":26},"8":{"loc":{"start":{"line":29,"column":11},"end":{"line":43,"column":5}},"type":"if","locations":[{"start":{"line":29,"column":11},"end":{"line":43,"column":5}},{"start":{},"end":{}}],"line":29},"9":{"loc":{"start":{"line":34,"column":26},"end":{"line":34,"column":121}},"type":"cond-expr","locations":[{"start":{"line":34,"column":51},"end":{"line":34,"column":104}},{"start":{"line":34,"column":107},"end":{"line":34,"column":121}}],"line":34},"10":{"loc":{"start":{"line":54,"column":8},"end":{"line":56,"column":88}},"type":"cond-expr","locations":[{"start":{"line":55,"column":12},"end":{"line":55,"column":81}},{"start":{"line":56,"column":12},"end":{"line":56,"column":88}}],"line":54},"11":{"loc":{"start":{"line":59,"column":8},"end":{"line":74,"column":15}},"type":"cond-expr","locations":[{"start":{"line":60,"column":12},"end":{"line":66,"column":15}},{"start":{"line":67,"column":12},"end":{"line":74,"column":15}}],"line":59},"12":{"loc":{"start":{"line":61,"column":28},"end":{"line":61,"column":65}},"type":"binary-expr","locations":[{"start":{"line":61,"column":28},"end":{"line":61,"column":52}},{"start":{"line":61,"column":56},"end":{"line":61,"column":65}}],"line":61},"13":{"loc":{"start":{"line":62,"column":35},"end":{"line":62,"column":76}},"type":"binary-expr","locations":[{"start":{"line":62,"column":35},"end":{"line":62,"column":63}},{"start":{"line":62,"column":67},"end":{"line":62,"column":76}}],"line":62},"14":{"loc":{"start":{"line":62,"column":80},"end":{"line":62,"column":113}},"type":"binary-expr","locations":[{"start":{"line":62,"column":80},"end":{"line":62,"column":107}},{"start":{"line":62,"column":111},"end":{"line":62,"column":113}}],"line":62},"15":{"loc":{"start":{"line":63,"column":28},"end":{"line":63,"column":126}},"type":"cond-expr","locations":[{"start":{"line":63,"column":55},"end":{"line":63,"column":109}},{"start":{"line":63,"column":112},"end":{"line":63,"column":126}}],"line":63},"16":{"loc":{"start":{"line":64,"column":26},"end":{"line":64,"column":62}},"type":"binary-expr","locations":[{"start":{"line":64,"column":26},"end":{"line":64,"column":49}},{"start":{"line":64,"column":53},"end":{"line":64,"column":62}}],"line":64},"17":{"loc":{"start":{"line":65,"column":25},"end":{"line":65,"column":56}},"type":"binary-expr","locations":[{"start":{"line":65,"column":25},"end":{"line":65,"column":47}},{"start":{"line":65,"column":51},"end":{"line":65,"column":56}}],"line":65},"18":{"loc":{"start":{"line":70,"column":22},"end":{"line":70,"column":129}},"type":"cond-expr","locations":[{"start":{"line":70,"column":53},"end":{"line":70,"column":112}},{"start":{"line":70,"column":115},"end":{"line":70,"column":129}}],"line":70}},"s":{"0":2,"1":5,"2":5,"3":5,"4":5,"5":5,"6":4,"7":5,"8":4,"9":5,"10":5,"11":5,"12":5,"13":3,"14":2,"15":2,"16":2,"17":2,"18":2,"19":2,"20":2,"21":2,"22":1,"23":1,"24":1,"25":1,"26":1,"27":1,"28":1,"29":1,"30":1,"31":1,"32":1,"33":5,"34":5,"35":1,"36":2,"37":5,"38":5,"39":5,"40":5,"41":2,"42":1,"43":1,"44":5,"45":5,"46":5,"47":0},"f":{"0":5,"1":5,"2":4,"3":4,"4":2,"5":1,"6":1,"7":1,"8":5,"9":5,"10":2,"11":1,"12":1},"b":{"0":[3,2],"1":[3,2],"2":[2,1],"3":[2,0],"4":[2,1],"5":[1,1],"6":[2,2],"7":[2,2],"8":[1,1],"9":[1,0],"10":[3,2],"11":[3,2],"12":[2,1],"13":[2,0],"14":[2,1],"15":[1,1],"16":[2,1],"17":[2,1],"18":[1,0]},"_coverageSchema":"1a1c01bbd47fc00a2c39e90264f33305004495a9","hash":"82bb617b5c50c9fd5da1f8ca5a6298b2a8c738ab"}
}
