{"C:\\Users\\widya\\Documents\\GitHub\\volunteer_project_backend\\src\\controllers\\eventController.js": {"path":"C:\\Users\\widya\\Documents\\GitHub\\volunteer_project_backend\\src\\controllers\\eventController.js","statementMap":{"0":{"start":{"line":4,"column":25},"end":{"line":11,"column":1}},"1":{"start":{"line":5,"column":2},"end":{"line":10,"column":3}},"2":{"start":{"line":6,"column":19},"end":{"line":6,"column":37}},"3":{"start":{"line":7,"column":4},"end":{"line":7,"column":21}},"4":{"start":{"line":9,"column":4},"end":{"line":9,"column":65}},"5":{"start":{"line":14,"column":27},"end":{"line":31,"column":1}},"6":{"start":{"line":15,"column":88},"end":{"line":15,"column":96}},"7":{"start":{"line":17,"column":2},"end":{"line":30,"column":3}},"8":{"start":{"line":18,"column":21},"end":{"line":25,"column":6}},"9":{"start":{"line":26,"column":4},"end":{"line":26,"column":26}},"10":{"start":{"line":27,"column":4},"end":{"line":27,"column":35}},"11":{"start":{"line":29,"column":4},"end":{"line":29,"column":62}},"12":{"start":{"line":35,"column":27},"end":{"line":54,"column":3}},"13":{"start":{"line":36,"column":19},"end":{"line":36,"column":29}},"14":{"start":{"line":37,"column":90},"end":{"line":37,"column":98}},"15":{"start":{"line":39,"column":4},"end":{"line":53,"column":5}},"16":{"start":{"line":40,"column":27},"end":{"line":44,"column":7}},"17":{"start":{"line":46,"column":6},"end":{"line":48,"column":7}},"18":{"start":{"line":47,"column":8},"end":{"line":47,"column":68}},"19":{"start":{"line":50,"column":6},"end":{"line":50,"column":29}},"20":{"start":{"line":52,"column":6},"end":{"line":52,"column":71}},"21":{"start":{"line":57,"column":27},"end":{"line":66,"column":1}},"22":{"start":{"line":58,"column":17},"end":{"line":58,"column":27}},"23":{"start":{"line":60,"column":2},"end":{"line":65,"column":3}},"24":{"start":{"line":61,"column":4},"end":{"line":61,"column":38}},"25":{"start":{"line":62,"column":4},"end":{"line":62,"column":43}},"26":{"start":{"line":64,"column":4},"end":{"line":64,"column":62}}},"fnMap":{"0":{"name":"(anonymous_0)","decl":{"start":{"line":4,"column":25},"end":{"line":4,"column":26}},"loc":{"start":{"line":4,"column":45},"end":{"line":11,"column":1}},"line":4},"1":{"name":"(anonymous_1)","decl":{"start":{"line":14,"column":27},"end":{"line":14,"column":28}},"loc":{"start":{"line":14,"column":47},"end":{"line":31,"column":1}},"line":14},"2":{"name":"(anonymous_2)","decl":{"start":{"line":35,"column":27},"end":{"line":35,"column":28}},"loc":{"start":{"line":35,"column":47},"end":{"line":54,"column":3}},"line":35},"3":{"name":"(anonymous_3)","decl":{"start":{"line":57,"column":27},"end":{"line":57,"column":28}},"loc":{"start":{"line":57,"column":47},"end":{"line":66,"column":1}},"line":57}},"branchMap":{"0":{"loc":{"start":{"line":46,"column":6},"end":{"line":48,"column":7}},"type":"if","locations":[{"start":{"line":46,"column":6},"end":{"line":48,"column":7}},{"start":{},"end":{}}],"line":46}},"s":{"0":0,"1":0,"2":0,"3":0,"4":0,"5":0,"6":0,"7":0,"8":0,"9":0,"10":0,"11":0,"12":0,"13":0,"14":0,"15":0,"16":0,"17":0,"18":0,"19":0,"20":0,"21":0,"22":0,"23":0,"24":0,"25":0,"26":0},"f":{"0":0,"1":0,"2":0,"3":0},"b":{"0":[0,0]}}
}
