TN:
SF:src\notifications.js
FN:9,(anonymous_0)
FNF:1
FNH:1
FNDA:4,(anonymous_0)
DA:7,2
DA:9,2
DA:10,4
DA:11,4
DA:12,4
DA:14,4
DA:15,2
DA:19,2
DA:26,2
DA:27,1
DA:29,3
LF:11
LH:11
BRDA:14,0,0,2
BRDA:14,0,1,2
BRDA:14,1,0,4
BRDA:14,1,1,3
BRF:4
BRH:4
end_of_record
TN:
SF:src\controllers\eventController.js
FN:4,(anonymous_0)
FN:14,(anonymous_1)
FN:36,(anonymous_2)
FN:58,(anonymous_3)
FNF:4
FNH:4
FNDA:2,(anonymous_0)
FNDA:2,(anonymous_1)
FNDA:3,(anonymous_2)
FNDA:2,(anonymous_3)
DA:4,1
DA:5,2
DA:6,2
DA:7,1
DA:9,1
DA:14,1
DA:15,2
DA:17,2
DA:18,2
DA:26,2
DA:27,1
DA:29,1
DA:36,1
DA:37,3
DA:38,3
DA:40,3
DA:41,3
DA:47,2
DA:48,1
DA:51,1
DA:53,1
DA:58,1
DA:59,2
DA:61,2
DA:62,2
DA:63,1
DA:65,1
LF:27
LH:27
BRDA:47,0,0,1
BRDA:47,0,1,1
BRF:2
BRH:2
end_of_record
TN:
SF:src\models\Event.js
FNF:0
FNH:0
DA:3,4
DA:30,4
LF:2
LH:2
BRF:0
BRH:0
end_of_record
TN:
SF:src\models\NotificationModel.js
FNF:0
FNH:0
DA:4,1
DA:13,1
LF:2
LH:2
BRF:0
BRH:0
end_of_record
TN:
SF:src\models\User.js
FNF:0
FNH:0
DA:4,4
DA:48,4
LF:2
LH:2
BRF:0
BRH:0
end_of_record
TN:
SF:src\models\VolunteerHistory.js
FNF:0
FNH:0
DA:3,2
DA:44,2
LF:2
LH:2
BRF:0
BRH:0
end_of_record
TN:
SF:src\routes\login.js
FN:9,(anonymous_0)
FNF:1
FNH:1
FNDA:4,(anonymous_0)
DA:6,1
DA:9,1
DA:10,4
DA:12,4
DA:14,4
DA:16,4
DA:17,3
DA:18,1
DA:19,1
DA:22,2
DA:26,2
DA:27,1
DA:28,1
DA:31,1
DA:32,1
DA:35,1
DA:48,1
DA:49,1
LF:18
LH:18
BRDA:17,0,0,1
BRDA:17,0,1,2
BRDA:26,1,0,1
BRDA:26,1,1,1
BRF:4
BRH:4
end_of_record
TN:
SF:src\routes\volunteerHistory.js
FN:7,(anonymous_0)
FNF:1
FNH:1
FNDA:2,(anonymous_0)
DA:4,1
DA:7,1
DA:8,2
DA:9,2
DA:10,1
DA:12,1
DA:13,1
LF:7
LH:7
BRF:0
BRH:0
end_of_record
TN:
SF:src\routes\volunteerMatch.js
FN:10,(anonymous_0)
FN:13,(anonymous_1)
FN:34,(anonymous_2)
FN:44,(anonymous_3)
FN:52,(anonymous_4)
FN:55,(anonymous_5)
FN:58,(anonymous_6)
FN:59,(anonymous_7)
FN:76,(anonymous_8)
FN:93,(anonymous_9)
FN:101,(anonymous_10)
FN:104,(anonymous_11)
FN:111,(anonymous_12)
FNF:13
FNH:13
FNDA:9,(anonymous_0)
FNDA:5,(anonymous_1)
FNDA:3,(anonymous_2)
FNDA:1,(anonymous_3)
FNDA:2,(anonymous_4)
FNDA:2,(anonymous_5)
FNDA:1,(anonymous_6)
FNDA:1,(anonymous_7)
FNDA:4,(anonymous_8)
FNDA:1,(anonymous_9)
FNDA:1,(anonymous_10)
FNDA:1,(anonymous_11)
FNDA:3,(anonymous_12)
DA:7,1
DA:10,9
DA:13,1
DA:14,5
DA:17,5
DA:18,1
DA:21,4
DA:23,4
DA:25,3
DA:26,1
DA:29,2
DA:32,2
DA:34,3
DA:44,2
DA:45,1
DA:51,1
DA:52,2
DA:54,1
DA:55,2
DA:58,1
DA:59,1
DA:62,1
DA:63,0
DA:65,1
DA:68,2
DA:70,1
DA:71,1
DA:76,1
DA:77,4
DA:80,4
DA:81,1
DA:84,3
DA:85,3
DA:87,3
DA:88,1
DA:91,2
DA:93,2
DA:94,1
DA:100,1
DA:101,1
DA:103,1
DA:104,1
DA:107,1
DA:110,2
DA:112,3
DA:124,3
DA:128,1
DA:133,1
DA:134,1
LF:49
LH:48
BRDA:10,0,0,9
BRDA:10,0,1,7
BRDA:17,1,0,1
BRDA:17,1,1,4
BRDA:25,2,0,1
BRDA:25,2,1,2
BRDA:52,3,0,2
BRDA:52,3,1,1
BRDA:55,4,0,2
BRDA:55,4,1,1
BRDA:62,5,0,0
BRDA:62,5,1,1
BRDA:80,6,0,1
BRDA:80,6,1,3
BRDA:87,7,0,1
BRDA:87,7,1,2
BRDA:101,8,0,1
BRDA:101,8,1,0
BRDA:104,9,0,1
BRDA:104,9,1,0
BRF:20
BRH:17
end_of_record
