TN:
SF:src\notifications.js
FN:9,(anonymous_0)
FNF:1
FNH:1
FNDA:4,(anonymous_0)
DA:7,2
DA:9,2
DA:10,4
DA:11,4
DA:12,4
DA:14,4
DA:15,2
DA:19,2
DA:26,2
DA:27,1
DA:29,3
LF:11
LH:11
BRDA:14,0,0,2
BRDA:14,0,1,2
BRDA:14,1,0,4
BRDA:14,1,1,3
BRF:4
BRH:4
end_of_record
TN:
SF:src\controllers\eventController.js
FN:4,(anonymous_0)
FN:14,(anonymous_1)
FN:36,(anonymous_2)
FN:58,(anonymous_3)
FNF:4
FNH:4
FNDA:2,(anonymous_0)
FNDA:2,(anonymous_1)
FNDA:3,(anonymous_2)
FNDA:2,(anonymous_3)
DA:4,1
DA:5,2
DA:6,2
DA:7,1
DA:9,1
DA:14,1
DA:15,2
DA:17,2
DA:18,2
DA:26,2
DA:27,1
DA:29,1
DA:36,1
DA:37,3
DA:38,3
DA:40,3
DA:41,3
DA:47,2
DA:48,1
DA:51,1
DA:53,1
DA:58,1
DA:59,2
DA:61,2
DA:62,2
DA:63,1
DA:65,1
LF:27
LH:27
BRDA:47,0,0,1
BRDA:47,0,1,1
BRF:2
BRH:2
end_of_record
TN:
SF:src\models\Event.js
FNF:0
FNH:0
DA:3,5
DA:30,5
LF:2
LH:2
BRF:0
BRH:0
end_of_record
TN:
SF:src\models\NotificationModel.js
FNF:0
FNH:0
DA:4,1
DA:13,1
LF:2
LH:2
BRF:0
BRH:0
end_of_record
TN:
SF:src\models\User.js
FNF:0
FNH:0
DA:4,4
DA:48,4
LF:2
LH:2
BRF:0
BRH:0
end_of_record
TN:
SF:src\models\VolunteerHistory.js
FNF:0
FNH:0
DA:3,3
DA:44,3
LF:2
LH:2
BRF:0
BRH:0
end_of_record
TN:
SF:src\routes\login.js
FN:9,(anonymous_0)
FNF:1
FNH:1
FNDA:4,(anonymous_0)
DA:6,1
DA:9,1
DA:10,4
DA:12,4
DA:14,4
DA:16,4
DA:17,3
DA:18,1
DA:19,1
DA:22,2
DA:26,2
DA:27,1
DA:28,1
DA:31,1
DA:32,1
DA:35,1
DA:48,1
DA:49,1
LF:18
LH:18
BRDA:17,0,0,1
BRDA:17,0,1,2
BRDA:26,1,0,1
BRDA:26,1,1,1
BRF:4
BRH:4
end_of_record
TN:
SF:src\routes\reportsRoute.js
FN:8,(anonymous_0)
FN:17,(anonymous_1)
FN:30,(anonymous_2)
FN:41,(anonymous_3)
FNF:4
FNH:2
FNDA:10,(anonymous_0)
FNDA:0,(anonymous_1)
FNDA:0,(anonymous_2)
FNDA:7,(anonymous_3)
DA:6,1
DA:8,1
DA:9,10
DA:10,6
DA:14,4
DA:15,3
DA:16,0
DA:18,0
DA:21,0
DA:30,0
DA:37,1
DA:41,1
DA:42,7
DA:43,7
DA:46,7
DA:47,1
DA:50,6
DA:51,1
DA:54,5
DA:55,5
DA:57,3
DA:58,1
DA:61,2
DA:62,1
DA:63,1
DA:64,1
DA:65,1
DA:66,1
DA:67,1
DA:68,1
DA:69,1
DA:70,1
DA:73,2
DA:74,2
LF:34
LH:30
BRDA:9,0,0,6
BRDA:9,0,1,4
BRDA:14,1,0,3
BRDA:14,1,1,1
BRDA:31,2,0,0
BRDA:31,2,1,0
BRDA:31,3,0,0
BRDA:31,3,1,0
BRDA:46,4,0,1
BRDA:46,4,1,6
BRDA:50,5,0,1
BRDA:50,5,1,5
BRDA:57,6,0,1
BRDA:57,6,1,2
BRDA:57,7,0,3
BRDA:57,7,1,3
BRDA:61,8,0,1
BRDA:61,8,1,1
BRDA:66,9,0,1
BRDA:66,9,1,0
BRF:20
BRH:15
end_of_record
TN:
SF:src\routes\volunteerHistory.js
FN:7,(anonymous_0)
FNF:1
FNH:1
FNDA:2,(anonymous_0)
DA:4,1
DA:7,1
DA:8,2
DA:9,2
DA:10,1
DA:12,1
DA:13,1
LF:7
LH:7
BRF:0
BRH:0
end_of_record
TN:
SF:src\routes\volunteerMatch.js
FN:10,(anonymous_0)
FN:13,(anonymous_1)
FN:38,(anonymous_2)
FN:57,(anonymous_3)
FN:66,(anonymous_4)
FN:69,(anonymous_5)
FN:73,(anonymous_6)
FN:74,(anonymous_7)
FN:91,(anonymous_8)
FN:111,(anonymous_9)
FN:119,(anonymous_10)
FN:122,(anonymous_11)
FN:131,(anonymous_12)
FNF:13
FNH:13
FNDA:9,(anonymous_0)
FNDA:5,(anonymous_1)
FNDA:3,(anonymous_2)
FNDA:1,(anonymous_3)
FNDA:2,(anonymous_4)
FNDA:2,(anonymous_5)
FNDA:1,(anonymous_6)
FNDA:1,(anonymous_7)
FNDA:4,(anonymous_8)
FNDA:1,(anonymous_9)
FNDA:1,(anonymous_10)
FNDA:1,(anonymous_11)
FNDA:3,(anonymous_12)
DA:7,1
DA:10,9
DA:13,1
DA:14,5
DA:17,5
DA:18,1
DA:21,4
DA:23,4
DA:25,3
DA:26,1
DA:30,2
DA:33,2
DA:38,3
DA:57,2
DA:58,1
DA:65,1
DA:66,2
DA:68,1
DA:69,2
DA:73,1
DA:74,1
DA:77,1
DA:78,0
DA:80,1
DA:83,2
DA:85,1
DA:86,1
DA:91,1
DA:92,4
DA:95,4
DA:96,1
DA:99,3
DA:101,3
DA:103,3
DA:104,1
DA:108,2
DA:111,2
DA:112,1
DA:118,1
DA:119,1
DA:121,1
DA:122,1
DA:126,1
DA:130,2
DA:132,3
DA:144,3
DA:148,1
DA:153,1
DA:154,1
LF:49
LH:48
BRDA:10,0,0,9
BRDA:10,0,1,7
BRDA:17,1,0,1
BRDA:17,1,1,4
BRDA:25,2,0,1
BRDA:25,2,1,2
BRDA:66,3,0,2
BRDA:66,3,1,1
BRDA:69,4,0,2
BRDA:69,4,1,1
BRDA:77,5,0,0
BRDA:77,5,1,1
BRDA:95,6,0,1
BRDA:95,6,1,3
BRDA:103,7,0,1
BRDA:103,7,1,2
BRDA:119,8,0,1
BRDA:119,8,1,0
BRDA:122,9,0,1
BRDA:122,9,1,0
BRF:20
BRH:17
end_of_record
TN:
SF:src\utils\reportGenerator.js
FN:5,(anonymous_0)
FN:6,(anonymous_1)
FN:11,(anonymous_2)
FN:12,(anonymous_3)
FN:20,(anonymous_4)
FN:30,(anonymous_5)
FN:38,(anonymous_6)
FN:46,(anonymous_7)
FN:50,(anonymous_8)
FN:51,(anonymous_9)
FN:60,(anonymous_10)
FN:67,(anonymous_11)
FN:73,(anonymous_12)
FNF:13
FNH:13
FNDA:5,(anonymous_0)
FNDA:5,(anonymous_1)
FNDA:4,(anonymous_2)
FNDA:4,(anonymous_3)
FNDA:2,(anonymous_4)
FNDA:1,(anonymous_5)
FNDA:1,(anonymous_6)
FNDA:1,(anonymous_7)
FNDA:5,(anonymous_8)
FNDA:5,(anonymous_9)
FNDA:2,(anonymous_10)
FNDA:1,(anonymous_11)
FNDA:1,(anonymous_12)
DA:5,2
DA:6,5
DA:7,5
DA:8,5
DA:10,5
DA:11,5
DA:12,5
DA:14,5
DA:16,5
DA:17,5
DA:19,5
DA:20,3
DA:21,2
DA:22,2
DA:23,2
DA:24,2
DA:25,2
DA:26,2
DA:27,2
DA:29,2
DA:30,1
DA:31,1
DA:32,1
DA:33,1
DA:34,1
DA:35,1
DA:36,1
DA:37,1
DA:38,1
DA:39,1
DA:41,1
DA:45,5
DA:46,5
DA:50,2
DA:51,5
DA:52,5
DA:54,5
DA:59,5
DA:60,2
DA:67,1
DA:73,1
DA:76,5
DA:77,5
DA:78,5
DA:80,0
LF:45
LH:44
BRDA:16,0,0,3
BRDA:16,0,1,2
BRDA:19,1,0,3
BRDA:19,1,1,2
BRDA:22,2,0,2
BRDA:22,2,1,1
BRDA:23,3,0,2
BRDA:23,3,1,0
BRDA:23,4,0,2
BRDA:23,4,1,1
BRDA:24,5,0,1
BRDA:24,5,1,1
BRDA:25,6,0,2
BRDA:25,6,1,2
BRDA:26,7,0,2
BRDA:26,7,1,2
BRDA:29,8,0,1
BRDA:29,8,1,1
BRDA:34,9,0,1
BRDA:34,9,1,0
BRDA:54,10,0,3
BRDA:54,10,1,2
BRDA:59,11,0,3
BRDA:59,11,1,2
BRDA:61,12,0,2
BRDA:61,12,1,1
BRDA:62,13,0,2
BRDA:62,13,1,0
BRDA:62,14,0,2
BRDA:62,14,1,1
BRDA:63,15,0,1
BRDA:63,15,1,1
BRDA:64,16,0,2
BRDA:64,16,1,1
BRDA:65,17,0,2
BRDA:65,17,1,1
BRDA:70,18,0,1
BRDA:70,18,1,0
BRF:38
BRH:34
end_of_record
